<?xml version="1.0" encoding="UTF-8"?>
<testsuite xmlns:xsi="http://www.w3.org/2001/XMLSchema-instance" xsi:noNamespaceSchemaLocation="https://maven.apache.org/surefire/maven-surefire-plugin/xsd/surefire-test-report.xsd" name="ro.nttdata.tutorial.admin.boundary.PersonResourceTest" time="0" tests="5" errors="0" skipped="0" failures="0">
  <properties>
[...]
</properties>
  <testcase name="testGetPersonById" classname="ro.nttdata.tutorial.admin.boundary.PersonResourceTest" time="0"/>
  <testcase name="testGetAllPersons" classname="ro.nttdata.tutorial.admin.boundary.PersonResourceTest" time="0"/>
  <testcase name="testUpdatePerson" classname="ro.nttdata.tutorial.admin.boundary.PersonResourceTest" time="0"/>
  <testcase name="testDeletePerson" classname="ro.nttdata.tutorial.admin.boundary.PersonResourceTest" time="0"/>
  <testcase name="testAddNewPerson" classname="ro.nttdata.tutorial.admin.boundary.PersonResourceTest" time="0"/>
</testsuite>